Build started 9/26/2014 6:16:32 PM.
     1>Project "C:\Users\User\Documents\Visual Studio 2013\Projects\WildDuckControl\SensorsSimulation\SensorsSimulation.vcxproj" on node 2 (Build target(s)).
     1>ClCompile:
         C:\Program Files (x86)\Microsoft Visual Studio 12.0\VC\bin\CL.exe /c /AI"C:\Program Files (x86)\Reference Assemblies\Microsoft\Framework\.NETFramework\v4.5\\" /AI"C:\Program Files (x86)\Windows Kits\8.1\References\CommonConfiguration\Neutral" /AI"C:\Program Files (x86)\Reference Assemblies\Microsoft\Framework\.NETFramework\v4.5\Facades\\" /Zi /clr /nologo /W3 /WX- /Od /Oy- /D WIN32 /D _DEBUG /D _UNICODE /D UNICODE /EHa /MDd /GS /fp:precise /Zc:wchar_t /Zc:forScope /Yc"stdafx.h" /Fp"Debug\SensorsSimulation.pch" /Fo"Debug\\" /Fd"Debug\vc120.pdb" /TP /FU"C:\Program Files (x86)\Reference Assemblies\Microsoft\Framework\.NETFramework\v4.5\mscorlib.dll" /FU"C:\Program Files (x86)\Reference Assemblies\Microsoft\Framework\.NETFramework\v4.5\System.Data.dll" /FU"C:\Program Files (x86)\Reference Assemblies\Microsoft\Framework\.NETFramework\v4.5\System.dll" /FU"C:\Program Files (x86)\Reference Assemblies\Microsoft\Framework\.NETFramework\v4.5\System.Drawing.dll" /FU"C:\Program Files (x86)\Reference Assemblies\Microsoft\Framework\.NETFramework\v4.5\System.Windows.Forms.dll" /FU"C:\Program Files (x86)\Reference Assemblies\Microsoft\Framework\.NETFramework\v4.5\System.Xml.dll" /analyze- /errorReport:prompt /clr:nostdlib stdafx.cpp
         stdafx.cpp
         C:\Program Files (x86)\Microsoft Visual Studio 12.0\VC\bin\CL.exe /c /AI"C:\Program Files (x86)\Reference Assemblies\Microsoft\Framework\.NETFramework\v4.5\\" /AI"C:\Program Files (x86)\Windows Kits\8.1\References\CommonConfiguration\Neutral" /AI"C:\Program Files (x86)\Reference Assemblies\Microsoft\Framework\.NETFramework\v4.5\Facades\\" /Zi /clr /nologo /W3 /WX- /Od /Oy- /D WIN32 /D _DEBUG /D _UNICODE /D UNICODE /EHa /MDd /GS /fp:precise /Zc:wchar_t /Zc:forScope /Yu"stdafx.h" /Fp"Debug\SensorsSimulation.pch" /Fo"Debug\\" /Fd"Debug\vc120.pdb" /TP /FU"C:\Program Files (x86)\Reference Assemblies\Microsoft\Framework\.NETFramework\v4.5\mscorlib.dll" /FU"C:\Program Files (x86)\Reference Assemblies\Microsoft\Framework\.NETFramework\v4.5\System.Data.dll" /FU"C:\Program Files (x86)\Reference Assemblies\Microsoft\Framework\.NETFramework\v4.5\System.dll" /FU"C:\Program Files (x86)\Reference Assemblies\Microsoft\Framework\.NETFramework\v4.5\System.Drawing.dll" /FU"C:\Program Files (x86)\Reference Assemblies\Microsoft\Framework\.NETFramework\v4.5\System.Windows.Forms.dll" /FU"C:\Program Files (x86)\Reference Assemblies\Microsoft\Framework\.NETFramework\v4.5\System.Xml.dll" /analyze- /errorReport:prompt /clr:nostdlib AssemblyInfo.cpp SensorsSimulation.cpp frmSim.cpp
         AssemblyInfo.cpp
         SensorsSimulation.cpp
     1>c:\users\user\documents\visual studio 2013\projects\wildduckcontrol\sensorssimulation\frmSim.h(526): warning C4244: '=' : conversion from 'double' to 'float', possible loss of data
     1>c:\users\user\documents\visual studio 2013\projects\wildduckcontrol\sensorssimulation\frmSim.h(538): warning C4244: 'initializing' : conversion from 'int' to 'float', possible loss of data
     1>c:\users\user\documents\visual studio 2013\projects\wildduckcontrol\sensorssimulation\frmSim.h(542): warning C4244: '=' : conversion from 'float' to 'int', possible loss of data
     1>c:\users\user\documents\visual studio 2013\projects\wildduckcontrol\sensorssimulation\frmSim.h(584): warning C4244: 'initializing' : conversion from 'int' to 'float', possible loss of data
     1>c:\users\user\documents\visual studio 2013\projects\wildduckcontrol\sensorssimulation\frmSim.h(594): warning C4244: 'initializing' : conversion from 'int' to 'float', possible loss of data
     1>c:\users\user\documents\visual studio 2013\projects\wildduckcontrol\sensorssimulation\frmSim.h(612): warning C4244: 'return' : conversion from 'float' to 'int', possible loss of data
     1>c:\users\user\documents\visual studio 2013\projects\wildduckcontrol\sensorssimulation\frmSim.h(623): warning C4244: 'argument' : conversion from 'int' to 'float', possible loss of data
     1>c:\users\user\documents\visual studio 2013\projects\wildduckcontrol\sensorssimulation\frmSim.h(623): warning C4244: '=' : conversion from 'int' to 'float', possible loss of data
     1>c:\users\user\documents\visual studio 2013\projects\wildduckcontrol\sensorssimulation\frmSim.h(624): warning C4244: 'argument' : conversion from 'int' to 'float', possible loss of data
     1>c:\users\user\documents\visual studio 2013\projects\wildduckcontrol\sensorssimulation\frmSim.h(624): warning C4244: '=' : conversion from 'int' to 'float', possible loss of data
     1>c:\users\user\documents\visual studio 2013\projects\wildduckcontrol\sensorssimulation\frmSim.h(637): warning C4244: '-=' : conversion from 'float' to 'int', possible loss of data
     1>c:\users\user\documents\visual studio 2013\projects\wildduckcontrol\sensorssimulation\frmSim.h(639): warning C4244: '+=' : conversion from 'float' to 'int', possible loss of data
     1>c:\users\user\documents\visual studio 2013\projects\wildduckcontrol\sensorssimulation\frmSim.h(644): warning C4244: '=' : conversion from 'float' to 'int', possible loss of data
     1>c:\users\user\documents\visual studio 2013\projects\wildduckcontrol\sensorssimulation\frmSim.h(646): warning C4244: '=' : conversion from 'float' to 'int', possible loss of data
         frmSim.cpp
     1>c:\users\user\documents\visual studio 2013\projects\wildduckcontrol\sensorssimulation\frmSim.h(526): warning C4244: '=' : conversion from 'double' to 'float', possible loss of data
     1>c:\users\user\documents\visual studio 2013\projects\wildduckcontrol\sensorssimulation\frmSim.h(538): warning C4244: 'initializing' : conversion from 'int' to 'float', possible loss of data
     1>c:\users\user\documents\visual studio 2013\projects\wildduckcontrol\sensorssimulation\frmSim.h(542): warning C4244: '=' : conversion from 'float' to 'int', possible loss of data
     1>c:\users\user\documents\visual studio 2013\projects\wildduckcontrol\sensorssimulation\frmSim.h(584): warning C4244: 'initializing' : conversion from 'int' to 'float', possible loss of data
     1>c:\users\user\documents\visual studio 2013\projects\wildduckcontrol\sensorssimulation\frmSim.h(594): warning C4244: 'initializing' : conversion from 'int' to 'float', possible loss of data
     1>c:\users\user\documents\visual studio 2013\projects\wildduckcontrol\sensorssimulation\frmSim.h(612): warning C4244: 'return' : conversion from 'float' to 'int', possible loss of data
     1>c:\users\user\documents\visual studio 2013\projects\wildduckcontrol\sensorssimulation\frmSim.h(623): warning C4244: 'argument' : conversion from 'int' to 'float', possible loss of data
     1>c:\users\user\documents\visual studio 2013\projects\wildduckcontrol\sensorssimulation\frmSim.h(623): warning C4244: '=' : conversion from 'int' to 'float', possible loss of data
     1>c:\users\user\documents\visual studio 2013\projects\wildduckcontrol\sensorssimulation\frmSim.h(624): warning C4244: 'argument' : conversion from 'int' to 'float', possible loss of data
     1>c:\users\user\documents\visual studio 2013\projects\wildduckcontrol\sensorssimulation\frmSim.h(624): warning C4244: '=' : conversion from 'int' to 'float', possible loss of data
     1>c:\users\user\documents\visual studio 2013\projects\wildduckcontrol\sensorssimulation\frmSim.h(637): warning C4244: '-=' : conversion from 'float' to 'int', possible loss of data
     1>c:\users\user\documents\visual studio 2013\projects\wildduckcontrol\sensorssimulation\frmSim.h(639): warning C4244: '+=' : conversion from 'float' to 'int', possible loss of data
     1>c:\users\user\documents\visual studio 2013\projects\wildduckcontrol\sensorssimulation\frmSim.h(644): warning C4244: '=' : conversion from 'float' to 'int', possible loss of data
     1>c:\users\user\documents\visual studio 2013\projects\wildduckcontrol\sensorssimulation\frmSim.h(646): warning C4244: '=' : conversion from 'float' to 'int', possible loss of data
         Generating Code...
       ResourceCompile:
         C:\Program Files (x86)\Windows Kits\8.1\bin\x86\rc.exe /D _UNICODE /D UNICODE /l"0x0409" /nologo /fo"Debug\app.res" app.rc 
       Link:
         C:\Program Files (x86)\Microsoft Visual Studio 12.0\VC\bin\link.exe /ERRORREPORT:PROMPT /OUT:"C:\Users\User\Documents\Visual Studio 2013\Projects\WildDuckControl\Debug\SensorsSimulation.exe" /INCREMENTAL /NOLOGO /ASSEMBLYRESOURCE:Debug\SensorsSimulation.frmSim.resources /MANIFEST /MANIFESTUAC:"level='asInvoker' uiAccess='false'" /manifest:embed /DEBUG /PDB:"C:\Users\User\Documents\Visual Studio 2013\Projects\WildDuckControl\Debug\SensorsSimulation.pdb" /ASSEMBLYDEBUG /SUBSYSTEM:CONSOLE /TLBID:1 /DYNAMICBASE /FIXED:NO /NXCOMPAT /MACHINE:X86 Debug\app.res
         Debug\AssemblyInfo.obj
         Debug\frmSim.obj
         Debug\SensorsSimulation.obj
         Debug\stdafx.obj
         "Debug\.NETFramework,Version=v4.5.AssemblyAttributes.obj"
         SensorsSimulation.vcxproj -> C:\Users\User\Documents\Visual Studio 2013\Projects\WildDuckControl\Debug\SensorsSimulation.exe
     1>Done Building Project "C:\Users\User\Documents\Visual Studio 2013\Projects\WildDuckControl\SensorsSimulation\SensorsSimulation.vcxproj" (Build target(s)).

Build succeeded.

Time Elapsed 00:00:03.31
